<?xml version="1.0" encoding="UTF-8"?>
<testsuite xmlns:xsi="http://www.w3.org/2001/XMLSchema-instance" xsi:noNamespaceSchemaLocation="https://maven.apache.org/surefire/maven-surefire-plugin/xsd/surefire-test-report-3.0.xsd" version="3.0" name="cucumberTest.TestRunner" time="10.641" tests="1" errors="0" skipped="0" failures="0">
  <properties>
[...]
</properties>
  <testcase name="Scotia bank Login Test Scenario" classname="Scotia bank Login" time="10.192">
    <system-out><![CDATA[
Scenario: Scotia bank Login Test Scenario                     &amp#27;[90m# src/test/java/features/login.feature:23&amp#27;[0m
Step1: User is already on Login Page
  &amp#27;[32mGiven &amp#27;[0m&amp#27;[32mUser is already on Login Page&amp#27;[0m                         &amp#27;[90m# stepDefinations.LoginStepsDefination.user_is_already_on_Login_Page()&amp#27;[0m
Step2:title of login page is Sign in | Scotiabank
Sign in | Scotiabank
Sign in | Scotiabank
  &amp#27;[32mWhen &amp#27;[0m&amp#27;[32mtitle of login page is "&amp#27;[0m&amp#27;[32m&amp#27;[1mSign in | Scotiabank&amp#27;[0m&amp#27;[32m"&amp#27;[0m          &amp#27;[90m# stepDefinations.LoginStepsDefination.title_of_login_page_is(java.lang.String)&amp#27;[0m
Step3:User enters emailid and password
  &amp#27;[32mThen &amp#27;[0m&amp#27;[32muser enters "&amp#27;[0m&amp#27;[32m&amp#27;[1mdfgfsshdghgsdhgsh@#$&amp#27;[0m&amp#27;[32m" and "&amp#27;[0m&amp#27;[32m&amp#27;[1mgrtreweriddhi&amp#27;[0m&amp#27;[32m"&amp#27;[0m &amp#27;[90m# stepDefinations.LoginStepsDefination.user_enters_and(java.lang.String,java.lang.String)&amp#27;[0m
Step4:User click on login Button
  &amp#27;[32mThen &amp#27;[0m&amp#27;[32muser clicks on login button&amp#27;[0m                            &amp#27;[90m# stepDefinations.LoginStepsDefination.user_clicks_on_login_button()&amp#27;[0m
Step5:User get the error
Please enter a username or card number without special characters.
Please enter a username or card number without special characters.
  &amp#27;[32mThen &amp#27;[0m&amp#27;[32muser get global error&amp#27;[0m                                  &amp#27;[90m# stepDefinations.LoginStepsDefination.user_get_global_error()&amp#27;[0m
Step6:User quit
  &amp#27;[32mThen &amp#27;[0m&amp#27;[32muser quit&amp#27;[0m                                              &amp#27;[90m# stepDefinations.LoginStepsDefination.user_quit()&amp#27;[0m
]]></system-out>
    <system-err><![CDATA[1651169078092	geckodriver	INFO	Listening on 127.0.0.1:31430
1651169078317	mozrunner::runner	INFO	Running command: "/Applications/Firefox.app/Contents/MacOS/firefox-bin" "--marionette" "-foreground" "-no-remote" "-profile" "/var/folders/_b/4_c7vc6x0xx872wghfjgqty00000gn/T/rust_mozprofileIdISYP"
1651169079424	Marionette	INFO	Marionette enabled
console.warn: SearchSettings: "get: No settings file exists, new profile?" (new NotFoundError("Could not open the file at /var/folders/_b/4_c7vc6x0xx872wghfjgqty00000gn/T/rust_mozprofileIdISYP/search.json.mozlz4", (void 0)))
console.error: BackgroundUpdate: 
  _reasonsToNotScheduleUpdates: Failed to check for Maintenance Service Registry Key: [Exception... "Component returned failure code: 0x80004001 (NS_ERROR_NOT_IMPLEMENTED) [nsIUpdateProcessor.getServiceRegKeyExists]"  nsresult: "0x80004001 (NS_ERROR_NOT_IMPLEMENTED)"  location: "JS frame :: resource://gre/modules/BackgroundUpdate.jsm :: _reasonsToNotScheduleUpdates :: line 241"  data: no]
1651169081606	Marionette	INFO	Listening on port 60554
1651169081666	RemoteAgent	WARN	TLS certificate errors will be ignored for this session
Apr. 28, 2022 2:04:41 P.M. org.openqa.selenium.remote.ProtocolHandshake createSession
INFO: Detected dialect: W3C
console.warn: LoginRecipes: "getRecipes: falling back to a synchronous message for:" "https://auth.scotiaonline.scotiabank.com"
1651169087244	Marionette	INFO	Stopped listening on port 60554

###!!! [Parent][PContentParent] Error: Send(msgname=PContent::Msg_DestroyBrowsingContextGroup) Closed channel: cannot send/recv


###!!! [Parent][PImageBridgeParent] Error: RunMessage(msgname=PImageBridge::Msg_WillClose) Channel closing: too late to send/recv, messages will be lost

]]></system-err>
  </testcase>
</testsuite>